<?xml version="1.0" encoding="UTF-8"?>
<testsuite xmlns:xsi="http://www.w3.org/2001/XMLSchema-instance" xsi:noNamespaceSchemaLocation="https://maven.apache.org/surefire/maven-surefire-plugin/xsd/surefire-test-report-3.0.xsd" version="3.0" name="com.skillsync.skillsyncbackend.controller.AdminControllerTest" time="7.808" tests="5" errors="0" skipped="0" failures="0">
  <properties>
[...]
</properties>
  <testcase name="testListJobsPaged" classname="com.skillsync.skillsyncbackend.controller.AdminControllerTest" time="0.746">
    <system-out><![CDATA[19:33:50.872 [main] INFO org.springframework.test.context.support.AnnotationConfigContextLoaderUtils -- Could not detect default configuration classes for test class [com.skillsync.skillsyncbackend.controller.AdminControllerTest]: AdminControllerTest does not declare any static, non-private, non-final, nested classes annotated with @Configuration.
19:33:50.990 [main] INFO org.springframework.boot.test.context.SpringBootTestContextBootstrapper -- Found @SpringBootConfiguration com.skillsync.skillsyncbackend.SkillSyncBackendApplication for test class com.skillsync.skillsyncbackend.controller.AdminControllerTest

  .   ____          _            __ _ _
 /\\ / ___'_ __ _ _(_)_ __  __ _ \ \ \ \
( ( )\___ | '_ | '_| | '_ \/ _` | \ \ \ \
 \\/  ___)| |_)| | | | | || (_| |  ) ) ) )
  '  |____| .__|_| |_|_| |_\__, | / / / /
 =========|_|==============|___/=/_/_/_/

 :: Spring Boot ::                (v3.3.3)

2025-10-20T19:33:51.347+05:30  INFO 70284 --- [           main] c.s.s.controller.AdminControllerTest     : Starting AdminControllerTest using Java 21.0.8 with PID 70284 (started by stefina in /home/stefina/clg work/SkillSync/backend/skillsync-backend)
2025-10-20T19:33:51.349+05:30  INFO 70284 --- [           main] c.s.s.controller.AdminControllerTest     : No active profile set, falling back to 1 default profile: "default"
2025-10-20T19:33:51.914+05:30  INFO 70284 --- [           main] .s.d.r.c.RepositoryConfigurationDelegate : Bootstrapping Spring Data JPA repositories in DEFAULT mode.
2025-10-20T19:33:51.984+05:30  INFO 70284 --- [           main] .s.d.r.c.RepositoryConfigurationDelegate : Finished Spring Data repository scanning in 63 ms. Found 5 JPA repository interfaces.
2025-10-20T19:33:52.546+05:30  INFO 70284 --- [           main] o.hibernate.jpa.internal.util.LogHelper  : HHH000204: Processing PersistenceUnitInfo [name: default]
2025-10-20T19:33:52.614+05:30  INFO 70284 --- [           main] org.hibernate.Version                    : HHH000412: Hibernate ORM core version 6.5.2.Final
2025-10-20T19:33:52.646+05:30  INFO 70284 --- [           main] o.h.c.internal.RegionFactoryInitiator    : HHH000026: Second-level cache disabled
2025-10-20T19:33:52.926+05:30  INFO 70284 --- [           main] o.s.o.j.p.SpringPersistenceUnitInfo      : No LoadTimeWeaver setup: ignoring JPA class transformer
2025-10-20T19:33:52.953+05:30  INFO 70284 --- [           main] com.zaxxer.hikari.HikariDataSource       : HikariPool-1 - Starting...
2025-10-20T19:33:53.157+05:30  INFO 70284 --- [           main] com.zaxxer.hikari.pool.HikariPool        : HikariPool-1 - Added connection conn0: url=jdbc:h2:mem:testdb user=SA
2025-10-20T19:33:53.159+05:30  INFO 70284 --- [           main] com.zaxxer.hikari.HikariDataSource       : HikariPool-1 - Start completed.
2025-10-20T19:33:53.179+05:30  WARN 70284 --- [           main] org.hibernate.orm.deprecation            : HHH90000025: H2Dialect does not need to be specified explicitly using 'hibernate.dialect' (remove the property setting and it will be selected by default)
2025-10-20T19:33:54.037+05:30  INFO 70284 --- [           main] o.h.e.t.j.p.i.JtaPlatformInitiator       : HHH000489: No JTA platform available (set 'hibernate.transaction.jta.platform' to enable JTA platform integration)
Hibernate: drop table if exists favorite_jobs cascade 
Hibernate: drop table if exists job_applications cascade 
Hibernate: drop table if exists job_posting cascade 
Hibernate: drop table if exists job_posting_skills cascade 
Hibernate: drop table if exists resume cascade 
Hibernate: drop table if exists resume_skills cascade 
Hibernate: drop table if exists users cascade 
Hibernate: create table favorite_jobs (id bigint generated by default as identity, job_posting_id bigint not null, user_id bigint not null, primary key (id))
Hibernate: create table job_applications (id bigint generated by default as identity, job_posting_id bigint, user_id bigint, status varchar(255), primary key (id))
Hibernate: create table job_posting (salary float(53), id bigint generated by default as identity, company varchar(255), description varchar(255), job_type varchar(255), location varchar(255), title varchar(255), url varchar(255), primary key (id))
Hibernate: create table job_posting_skills (job_posting_id bigint not null, skills varchar(255))
Hibernate: create table resume (id bigint generated by default as identity, user_id bigint, content varchar(255), filename varchar(255), primary key (id))
Hibernate: create table resume_skills (resume_id bigint not null, skills varchar(255))
Hibernate: create table users (id bigint generated by default as identity, achievements_json TEXT, avatar_data_url TEXT, bio TEXT, career_level varchar(255), education_json TEXT, email varchar(255) unique, employment_type varchar(255), expected_salary_range_json TEXT, experience_json TEXT, full_name varchar(255), github varchar(255), job_title varchar(255), linkedin varchar(255), password varchar(255) not null, phone varchar(255), preferred_locations_json TEXT, role varchar(255) not null, username varchar(255) not null unique, work_type varchar(255), primary key (id))
Hibernate: alter table if exists favorite_jobs add constraint FKayc23o2okix7fljh4nes906ok foreign key (job_posting_id) references job_posting
Hibernate: alter table if exists favorite_jobs add constraint FKiclfk9qmfek00idgqe00tmu7u foreign key (user_id) references users
Hibernate: alter table if exists job_applications add constraint FK13gb1oq8h7rs6un6xj304yg3c foreign key (job_posting_id) references job_posting
Hibernate: alter table if exists job_applications add constraint FKqs2guhg7p83917vto86imuthy foreign key (user_id) references users
Hibernate: alter table if exists job_posting_skills add constraint FK17d1x3q5egoj9cnoy8yniiej3 foreign key (job_posting_id) references job_posting
Hibernate: alter table if exists resume_skills add constraint FK5406bdq6opxevvh08y8uvh4ee foreign key (resume_id) references resume
2025-10-20T19:33:54.095+05:30  INFO 70284 --- [           main] j.LocalContainerEntityManagerFactoryBean : Initialized JPA EntityManagerFactory for persistence unit 'default'
2025-10-20T19:33:54.692+05:30  INFO 70284 --- [           main] o.s.d.j.r.query.QueryEnhancerFactory     : Hibernate is in classpath; If applicable, HQL parser will be used.
2025-10-20T19:33:55.399+05:30  INFO 70284 --- [           main] r$InitializeUserDetailsManagerConfigurer : Global AuthenticationManager configured with UserDetailsService bean with name userService
2025-10-20T19:33:56.251+05:30  WARN 70284 --- [           main] JpaBaseConfiguration$JpaWebConfiguration : spring.jpa.open-in-view is enabled by default. Therefore, database queries may be performed during view rendering. Explicitly configure spring.jpa.open-in-view to disable this warning
2025-10-20T19:33:56.882+05:30  INFO 70284 --- [           main] o.s.b.t.m.w.SpringBootMockServletContext : Initializing Spring TestDispatcherServlet ''
2025-10-20T19:33:56.882+05:30  INFO 70284 --- [           main] o.s.t.web.servlet.TestDispatcherServlet  : Initializing Servlet ''
2025-10-20T19:33:56.883+05:30  INFO 70284 --- [           main] o.s.t.web.servlet.TestDispatcherServlet  : Completed initialization in 1 ms
2025-10-20T19:33:56.901+05:30  INFO 70284 --- [           main] c.s.s.controller.AdminControllerTest     : Started AdminControllerTest in 5.788 seconds (process running for 6.738)
Hibernate: select u1_0.id,u1_0.achievements_json,u1_0.avatar_data_url,u1_0.bio,u1_0.career_level,u1_0.education_json,u1_0.email,u1_0.employment_type,u1_0.expected_salary_range_json,u1_0.experience_json,u1_0.full_name,u1_0.github,u1_0.job_title,u1_0.linkedin,u1_0.password,u1_0.phone,u1_0.preferred_locations_json,u1_0.role,u1_0.username,u1_0.work_type from users u1_0 where u1_0.username=?
Hibernate: select u1_0.id,u1_0.achievements_json,u1_0.avatar_data_url,u1_0.bio,u1_0.career_level,u1_0.education_json,u1_0.email,u1_0.employment_type,u1_0.expected_salary_range_json,u1_0.experience_json,u1_0.full_name,u1_0.github,u1_0.job_title,u1_0.linkedin,u1_0.password,u1_0.phone,u1_0.preferred_locations_json,u1_0.role,u1_0.username,u1_0.work_type from users u1_0 where u1_0.email=?
Hibernate: select u1_0.id from users u1_0 where u1_0.username=? fetch first ? rows only
Hibernate: select u1_0.id from users u1_0 where u1_0.email=? fetch first ? rows only
Hibernate: insert into users (achievements_json,avatar_data_url,bio,career_level,education_json,email,employment_type,expected_salary_range_json,experience_json,full_name,github,job_title,linkedin,password,phone,preferred_locations_json,role,username,work_type,id) values (?,?,?,?,?,?,?,?,?,?,?,?,?,?,?,?,?,?,?,default)
Default admin user created: admin/adminpass
Hibernate: select u1_0.id,u1_0.achievements_json,u1_0.avatar_data_url,u1_0.bio,u1_0.career_level,u1_0.education_json,u1_0.email,u1_0.employment_type,u1_0.expected_salary_range_json,u1_0.experience_json,u1_0.full_name,u1_0.github,u1_0.job_title,u1_0.linkedin,u1_0.password,u1_0.phone,u1_0.preferred_locations_json,u1_0.role,u1_0.username,u1_0.work_type from users u1_0 where u1_0.username=?
Hibernate: select u1_0.id,u1_0.achievements_json,u1_0.avatar_data_url,u1_0.bio,u1_0.career_level,u1_0.education_json,u1_0.email,u1_0.employment_type,u1_0.expected_salary_range_json,u1_0.experience_json,u1_0.full_name,u1_0.github,u1_0.job_title,u1_0.linkedin,u1_0.password,u1_0.phone,u1_0.preferred_locations_json,u1_0.role,u1_0.username,u1_0.work_type from users u1_0 where u1_0.email=?
Hibernate: select u1_0.id from users u1_0 where u1_0.username=? fetch first ? rows only
Hibernate: select u1_0.id from users u1_0 where u1_0.email=? fetch first ? rows only
Hibernate: insert into users (achievements_json,avatar_data_url,bio,career_level,education_json,email,employment_type,expected_salary_range_json,experience_json,full_name,github,job_title,linkedin,password,phone,preferred_locations_json,role,username,work_type,id) values (?,?,?,?,?,?,?,?,?,?,?,?,?,?,?,?,?,?,?,default)
Default user created: user/userpass
Hibernate: select u1_0.id,u1_0.achievements_json,u1_0.avatar_data_url,u1_0.bio,u1_0.career_level,u1_0.education_json,u1_0.email,u1_0.employment_type,u1_0.expected_salary_range_json,u1_0.experience_json,u1_0.full_name,u1_0.github,u1_0.job_title,u1_0.linkedin,u1_0.password,u1_0.phone,u1_0.preferred_locations_json,u1_0.role,u1_0.username,u1_0.work_type from users u1_0 where u1_0.username=?
Hibernate: select u1_0.id,u1_0.achievements_json,u1_0.avatar_data_url,u1_0.bio,u1_0.career_level,u1_0.education_json,u1_0.email,u1_0.employment_type,u1_0.expected_salary_range_json,u1_0.experience_json,u1_0.full_name,u1_0.github,u1_0.job_title,u1_0.linkedin,u1_0.password,u1_0.phone,u1_0.preferred_locations_json,u1_0.role,u1_0.username,u1_0.work_type from users u1_0 where u1_0.email=?
Hibernate: select u1_0.id from users u1_0 where u1_0.username=? fetch first ? rows only
Hibernate: select u1_0.id from users u1_0 where u1_0.email=? fetch first ? rows only
Hibernate: insert into users (achievements_json,avatar_data_url,bio,career_level,education_json,email,employment_type,expected_salary_range_json,experience_json,full_name,github,job_title,linkedin,password,phone,preferred_locations_json,role,username,work_type,id) values (?,?,?,?,?,?,?,?,?,?,?,?,?,?,?,?,?,?,?,default)
Default recruiter user created: recruiter/recruiterpass
Hibernate: select count(*) from job_posting jp1_0
Hibernate: insert into job_posting (company,description,job_type,location,salary,title,url,id) values (?,?,?,?,?,?,?,default)
Hibernate: insert into job_posting (company,description,job_type,location,salary,title,url,id) values (?,?,?,?,?,?,?,default)
Hibernate: insert into job_posting (company,description,job_type,location,salary,title,url,id) values (?,?,?,?,?,?,?,default)
Hibernate: insert into job_posting (company,description,job_type,location,salary,title,url,id) values (?,?,?,?,?,?,?,default)
Hibernate: insert into job_posting (company,description,job_type,location,salary,title,url,id) values (?,?,?,?,?,?,?,default)
Hibernate: insert into job_posting_skills (job_posting_id,skills) values (?,?)
Hibernate: insert into job_posting_skills (job_posting_id,skills) values (?,?)
Hibernate: insert into job_posting_skills (job_posting_id,skills) values (?,?)
Hibernate: insert into job_posting_skills (job_posting_id,skills) values (?,?)
Hibernate: insert into job_posting_skills (job_posting_id,skills) values (?,?)
Hibernate: insert into job_posting_skills (job_posting_id,skills) values (?,?)
Hibernate: insert into job_posting_skills (job_posting_id,skills) values (?,?)
Hibernate: insert into job_posting_skills (job_posting_id,skills) values (?,?)
Hibernate: insert into job_posting_skills (job_posting_id,skills) values (?,?)
Hibernate: insert into job_posting_skills (job_posting_id,skills) values (?,?)
Hibernate: insert into job_posting_skills (job_posting_id,skills) values (?,?)
Hibernate: insert into job_posting_skills (job_posting_id,skills) values (?,?)
Hibernate: insert into job_posting_skills (job_posting_id,skills) values (?,?)
Hibernate: insert into job_posting_skills (job_posting_id,skills) values (?,?)
Hibernate: insert into job_posting_skills (job_posting_id,skills) values (?,?)
Hibernate: insert into job_posting_skills (job_posting_id,skills) values (?,?)
Hibernate: insert into job_posting_skills (job_posting_id,skills) values (?,?)
Hibernate: insert into job_posting_skills (job_posting_id,skills) values (?,?)
Initialized 5 job postings.
Hibernate: select u1_0.id,u1_0.achievements_json,u1_0.avatar_data_url,u1_0.bio,u1_0.career_level,u1_0.education_json,u1_0.email,u1_0.employment_type,u1_0.expected_salary_range_json,u1_0.experience_json,u1_0.full_name,u1_0.github,u1_0.job_title,u1_0.linkedin,u1_0.password,u1_0.phone,u1_0.preferred_locations_json,u1_0.role,u1_0.username,u1_0.work_type from users u1_0
Hibernate: delete from users where id=?
Hibernate: delete from users where id=?
Hibernate: delete from users where id=?
Hibernate: select jp1_0.id,jp1_0.company,jp1_0.description,jp1_0.job_type,jp1_0.location,jp1_0.salary,jp1_0.title,jp1_0.url from job_posting jp1_0
Hibernate: delete from job_posting_skills where job_posting_id=?
Hibernate: delete from job_posting_skills where job_posting_id=?
Hibernate: delete from job_posting_skills where job_posting_id=?
Hibernate: delete from job_posting_skills where job_posting_id=?
Hibernate: delete from job_posting_skills where job_posting_id=?
Hibernate: delete from job_posting where id=?
Hibernate: delete from job_posting where id=?
Hibernate: delete from job_posting where id=?
Hibernate: delete from job_posting where id=?
Hibernate: delete from job_posting where id=?
Hibernate: insert into users (achievements_json,avatar_data_url,bio,career_level,education_json,email,employment_type,expected_salary_range_json,experience_json,full_name,github,job_title,linkedin,password,phone,preferred_locations_json,role,username,work_type,id) values (?,?,?,?,?,?,?,?,?,?,?,?,?,?,?,?,?,?,?,default)
Hibernate: insert into users (achievements_json,avatar_data_url,bio,career_level,education_json,email,employment_type,expected_salary_range_json,experience_json,full_name,github,job_title,linkedin,password,phone,preferred_locations_json,role,username,work_type,id) values (?,?,?,?,?,?,?,?,?,?,?,?,?,?,?,?,?,?,?,default)
Hibernate: insert into users (achievements_json,avatar_data_url,bio,career_level,education_json,email,employment_type,expected_salary_range_json,experience_json,full_name,github,job_title,linkedin,password,phone,preferred_locations_json,role,username,work_type,id) values (?,?,?,?,?,?,?,?,?,?,?,?,?,?,?,?,?,?,?,default)
Hibernate: insert into job_posting (company,description,job_type,location,salary,title,url,id) values (?,?,?,?,?,?,?,default)
Hibernate: insert into job_posting (company,description,job_type,location,salary,title,url,id) values (?,?,?,?,?,?,?,default)
Hibernate: insert into job_posting_skills (job_posting_id,skills) values (?,?)
Hibernate: insert into job_posting_skills (job_posting_id,skills) values (?,?)
Hibernate: select jp1_0.id,jp1_0.company,jp1_0.description,jp1_0.job_type,jp1_0.location,jp1_0.salary,jp1_0.title,jp1_0.url from job_posting jp1_0 offset ? rows fetch first ? rows only
Hibernate: select count(jp1_0.id) from job_posting jp1_0
Hibernate: select s1_0.job_posting_id,s1_0.skills from job_posting_skills s1_0 where s1_0.job_posting_id=?
Hibernate: select s1_0.job_posting_id,s1_0.skills from job_posting_skills s1_0 where s1_0.job_posting_id=?
]]></system-out>
    <system-err><![CDATA[WARNING: A Java agent has been loaded dynamically (/home/stefina/.m2/repository/net/bytebuddy/byte-buddy-agent/1.14.19/byte-buddy-agent-1.14.19.jar)
WARNING: If a serviceability tool is in use, please run with -XX:+EnableDynamicAgentLoading to hide this warning
WARNING: If a serviceability tool is not in use, please run with -Djdk.instrument.traceUsage for more information
WARNING: Dynamic loading of agents will be disallowed by default in a future release
]]></system-err>
  </testcase>
  <testcase name="testListUsersPaged" classname="com.skillsync.skillsyncbackend.controller.AdminControllerTest" time="0.052">
    <system-out><![CDATA[Hibernate: select u1_0.id,u1_0.achievements_json,u1_0.avatar_data_url,u1_0.bio,u1_0.career_level,u1_0.education_json,u1_0.email,u1_0.employment_type,u1_0.expected_salary_range_json,u1_0.experience_json,u1_0.full_name,u1_0.github,u1_0.job_title,u1_0.linkedin,u1_0.password,u1_0.phone,u1_0.preferred_locations_json,u1_0.role,u1_0.username,u1_0.work_type from users u1_0
Hibernate: delete from users where id=?
Hibernate: delete from users where id=?
Hibernate: delete from users where id=?
Hibernate: select jp1_0.id,jp1_0.company,jp1_0.description,jp1_0.job_type,jp1_0.location,jp1_0.salary,jp1_0.title,jp1_0.url from job_posting jp1_0
Hibernate: delete from job_posting_skills where job_posting_id=?
Hibernate: delete from job_posting_skills where job_posting_id=?
Hibernate: delete from job_posting where id=?
Hibernate: delete from job_posting where id=?
Hibernate: insert into users (achievements_json,avatar_data_url,bio,career_level,education_json,email,employment_type,expected_salary_range_json,experience_json,full_name,github,job_title,linkedin,password,phone,preferred_locations_json,role,username,work_type,id) values (?,?,?,?,?,?,?,?,?,?,?,?,?,?,?,?,?,?,?,default)
Hibernate: insert into users (achievements_json,avatar_data_url,bio,career_level,education_json,email,employment_type,expected_salary_range_json,experience_json,full_name,github,job_title,linkedin,password,phone,preferred_locations_json,role,username,work_type,id) values (?,?,?,?,?,?,?,?,?,?,?,?,?,?,?,?,?,?,?,default)
Hibernate: insert into users (achievements_json,avatar_data_url,bio,career_level,education_json,email,employment_type,expected_salary_range_json,experience_json,full_name,github,job_title,linkedin,password,phone,preferred_locations_json,role,username,work_type,id) values (?,?,?,?,?,?,?,?,?,?,?,?,?,?,?,?,?,?,?,default)
Hibernate: insert into job_posting (company,description,job_type,location,salary,title,url,id) values (?,?,?,?,?,?,?,default)
Hibernate: insert into job_posting (company,description,job_type,location,salary,title,url,id) values (?,?,?,?,?,?,?,default)
Hibernate: insert into job_posting_skills (job_posting_id,skills) values (?,?)
Hibernate: insert into job_posting_skills (job_posting_id,skills) values (?,?)
Hibernate: select u1_0.id,u1_0.achievements_json,u1_0.avatar_data_url,u1_0.bio,u1_0.career_level,u1_0.education_json,u1_0.email,u1_0.employment_type,u1_0.expected_salary_range_json,u1_0.experience_json,u1_0.full_name,u1_0.github,u1_0.job_title,u1_0.linkedin,u1_0.password,u1_0.phone,u1_0.preferred_locations_json,u1_0.role,u1_0.username,u1_0.work_type from users u1_0 offset ? rows fetch first ? rows only
Hibernate: select count(u1_0.id) from users u1_0
]]></system-out>
  </testcase>
  <testcase name="testUpdateUserRole" classname="com.skillsync.skillsyncbackend.controller.AdminControllerTest" time="0.078">
    <system-out><![CDATA[Hibernate: select u1_0.id,u1_0.achievements_json,u1_0.avatar_data_url,u1_0.bio,u1_0.career_level,u1_0.education_json,u1_0.email,u1_0.employment_type,u1_0.expected_salary_range_json,u1_0.experience_json,u1_0.full_name,u1_0.github,u1_0.job_title,u1_0.linkedin,u1_0.password,u1_0.phone,u1_0.preferred_locations_json,u1_0.role,u1_0.username,u1_0.work_type from users u1_0
Hibernate: delete from users where id=?
Hibernate: delete from users where id=?
Hibernate: delete from users where id=?
Hibernate: select jp1_0.id,jp1_0.company,jp1_0.description,jp1_0.job_type,jp1_0.location,jp1_0.salary,jp1_0.title,jp1_0.url from job_posting jp1_0
Hibernate: delete from job_posting_skills where job_posting_id=?
Hibernate: delete from job_posting_skills where job_posting_id=?
Hibernate: delete from job_posting where id=?
Hibernate: delete from job_posting where id=?
Hibernate: insert into users (achievements_json,avatar_data_url,bio,career_level,education_json,email,employment_type,expected_salary_range_json,experience_json,full_name,github,job_title,linkedin,password,phone,preferred_locations_json,role,username,work_type,id) values (?,?,?,?,?,?,?,?,?,?,?,?,?,?,?,?,?,?,?,default)
Hibernate: insert into users (achievements_json,avatar_data_url,bio,career_level,education_json,email,employment_type,expected_salary_range_json,experience_json,full_name,github,job_title,linkedin,password,phone,preferred_locations_json,role,username,work_type,id) values (?,?,?,?,?,?,?,?,?,?,?,?,?,?,?,?,?,?,?,default)
Hibernate: insert into users (achievements_json,avatar_data_url,bio,career_level,education_json,email,employment_type,expected_salary_range_json,experience_json,full_name,github,job_title,linkedin,password,phone,preferred_locations_json,role,username,work_type,id) values (?,?,?,?,?,?,?,?,?,?,?,?,?,?,?,?,?,?,?,default)
Hibernate: insert into job_posting (company,description,job_type,location,salary,title,url,id) values (?,?,?,?,?,?,?,default)
Hibernate: insert into job_posting (company,description,job_type,location,salary,title,url,id) values (?,?,?,?,?,?,?,default)
Hibernate: insert into job_posting_skills (job_posting_id,skills) values (?,?)
Hibernate: insert into job_posting_skills (job_posting_id,skills) values (?,?)
Hibernate: select u1_0.id,u1_0.achievements_json,u1_0.avatar_data_url,u1_0.bio,u1_0.career_level,u1_0.education_json,u1_0.email,u1_0.employment_type,u1_0.expected_salary_range_json,u1_0.experience_json,u1_0.full_name,u1_0.github,u1_0.job_title,u1_0.linkedin,u1_0.password,u1_0.phone,u1_0.preferred_locations_json,u1_0.role,u1_0.username,u1_0.work_type from users u1_0 where u1_0.username=?
Hibernate: select u1_0.id,u1_0.achievements_json,u1_0.avatar_data_url,u1_0.bio,u1_0.career_level,u1_0.education_json,u1_0.email,u1_0.employment_type,u1_0.expected_salary_range_json,u1_0.experience_json,u1_0.full_name,u1_0.github,u1_0.job_title,u1_0.linkedin,u1_0.password,u1_0.phone,u1_0.preferred_locations_json,u1_0.role,u1_0.username,u1_0.work_type from users u1_0 where u1_0.id=?
Hibernate: update users set achievements_json=?,avatar_data_url=?,bio=?,career_level=?,education_json=?,email=?,employment_type=?,expected_salary_range_json=?,experience_json=?,full_name=?,github=?,job_title=?,linkedin=?,password=?,phone=?,preferred_locations_json=?,role=?,username=?,work_type=? where id=?
]]></system-out>
  </testcase>
  <testcase name="testDeleteJob" classname="com.skillsync.skillsyncbackend.controller.AdminControllerTest" time="0.061">
    <system-out><![CDATA[Hibernate: select u1_0.id,u1_0.achievements_json,u1_0.avatar_data_url,u1_0.bio,u1_0.career_level,u1_0.education_json,u1_0.email,u1_0.employment_type,u1_0.expected_salary_range_json,u1_0.experience_json,u1_0.full_name,u1_0.github,u1_0.job_title,u1_0.linkedin,u1_0.password,u1_0.phone,u1_0.preferred_locations_json,u1_0.role,u1_0.username,u1_0.work_type from users u1_0
Hibernate: delete from users where id=?
Hibernate: delete from users where id=?
Hibernate: delete from users where id=?
Hibernate: select jp1_0.id,jp1_0.company,jp1_0.description,jp1_0.job_type,jp1_0.location,jp1_0.salary,jp1_0.title,jp1_0.url from job_posting jp1_0
Hibernate: delete from job_posting_skills where job_posting_id=?
Hibernate: delete from job_posting_skills where job_posting_id=?
Hibernate: delete from job_posting where id=?
Hibernate: delete from job_posting where id=?
Hibernate: insert into users (achievements_json,avatar_data_url,bio,career_level,education_json,email,employment_type,expected_salary_range_json,experience_json,full_name,github,job_title,linkedin,password,phone,preferred_locations_json,role,username,work_type,id) values (?,?,?,?,?,?,?,?,?,?,?,?,?,?,?,?,?,?,?,default)
Hibernate: insert into users (achievements_json,avatar_data_url,bio,career_level,education_json,email,employment_type,expected_salary_range_json,experience_json,full_name,github,job_title,linkedin,password,phone,preferred_locations_json,role,username,work_type,id) values (?,?,?,?,?,?,?,?,?,?,?,?,?,?,?,?,?,?,?,default)
Hibernate: insert into users (achievements_json,avatar_data_url,bio,career_level,education_json,email,employment_type,expected_salary_range_json,experience_json,full_name,github,job_title,linkedin,password,phone,preferred_locations_json,role,username,work_type,id) values (?,?,?,?,?,?,?,?,?,?,?,?,?,?,?,?,?,?,?,default)
Hibernate: insert into job_posting (company,description,job_type,location,salary,title,url,id) values (?,?,?,?,?,?,?,default)
Hibernate: insert into job_posting (company,description,job_type,location,salary,title,url,id) values (?,?,?,?,?,?,?,default)
Hibernate: insert into job_posting_skills (job_posting_id,skills) values (?,?)
Hibernate: insert into job_posting_skills (job_posting_id,skills) values (?,?)
Hibernate: select jp1_0.id,jp1_0.company,jp1_0.description,jp1_0.job_type,jp1_0.location,jp1_0.salary,jp1_0.title,jp1_0.url from job_posting jp1_0
Hibernate: select count(*) from job_posting jp1_0 where jp1_0.id=?
Hibernate: select jp1_0.id,jp1_0.company,jp1_0.description,jp1_0.job_type,jp1_0.location,jp1_0.salary,jp1_0.title,jp1_0.url from job_posting jp1_0 where jp1_0.id=?
Hibernate: delete from job_posting_skills where job_posting_id=?
Hibernate: delete from job_posting where id=?
]]></system-out>
  </testcase>
  <testcase name="testDeleteUser" classname="com.skillsync.skillsyncbackend.controller.AdminControllerTest" time="0.043">
    <system-out><![CDATA[Hibernate: select u1_0.id,u1_0.achievements_json,u1_0.avatar_data_url,u1_0.bio,u1_0.career_level,u1_0.education_json,u1_0.email,u1_0.employment_type,u1_0.expected_salary_range_json,u1_0.experience_json,u1_0.full_name,u1_0.github,u1_0.job_title,u1_0.linkedin,u1_0.password,u1_0.phone,u1_0.preferred_locations_json,u1_0.role,u1_0.username,u1_0.work_type from users u1_0
Hibernate: delete from users where id=?
Hibernate: delete from users where id=?
Hibernate: delete from users where id=?
Hibernate: select jp1_0.id,jp1_0.company,jp1_0.description,jp1_0.job_type,jp1_0.location,jp1_0.salary,jp1_0.title,jp1_0.url from job_posting jp1_0
Hibernate: delete from job_posting_skills where job_posting_id=?
Hibernate: delete from job_posting where id=?
Hibernate: insert into users (achievements_json,avatar_data_url,bio,career_level,education_json,email,employment_type,expected_salary_range_json,experience_json,full_name,github,job_title,linkedin,password,phone,preferred_locations_json,role,username,work_type,id) values (?,?,?,?,?,?,?,?,?,?,?,?,?,?,?,?,?,?,?,default)
Hibernate: insert into users (achievements_json,avatar_data_url,bio,career_level,education_json,email,employment_type,expected_salary_range_json,experience_json,full_name,github,job_title,linkedin,password,phone,preferred_locations_json,role,username,work_type,id) values (?,?,?,?,?,?,?,?,?,?,?,?,?,?,?,?,?,?,?,default)
Hibernate: insert into users (achievements_json,avatar_data_url,bio,career_level,education_json,email,employment_type,expected_salary_range_json,experience_json,full_name,github,job_title,linkedin,password,phone,preferred_locations_json,role,username,work_type,id) values (?,?,?,?,?,?,?,?,?,?,?,?,?,?,?,?,?,?,?,default)
Hibernate: insert into job_posting (company,description,job_type,location,salary,title,url,id) values (?,?,?,?,?,?,?,default)
Hibernate: insert into job_posting (company,description,job_type,location,salary,title,url,id) values (?,?,?,?,?,?,?,default)
Hibernate: insert into job_posting_skills (job_posting_id,skills) values (?,?)
Hibernate: insert into job_posting_skills (job_posting_id,skills) values (?,?)
Hibernate: select u1_0.id,u1_0.achievements_json,u1_0.avatar_data_url,u1_0.bio,u1_0.career_level,u1_0.education_json,u1_0.email,u1_0.employment_type,u1_0.expected_salary_range_json,u1_0.experience_json,u1_0.full_name,u1_0.github,u1_0.job_title,u1_0.linkedin,u1_0.password,u1_0.phone,u1_0.preferred_locations_json,u1_0.role,u1_0.username,u1_0.work_type from users u1_0 where u1_0.username=?
Hibernate: select count(*) from users u1_0 where u1_0.id=?
Hibernate: select u1_0.id,u1_0.achievements_json,u1_0.avatar_data_url,u1_0.bio,u1_0.career_level,u1_0.education_json,u1_0.email,u1_0.employment_type,u1_0.expected_salary_range_json,u1_0.experience_json,u1_0.full_name,u1_0.github,u1_0.job_title,u1_0.linkedin,u1_0.password,u1_0.phone,u1_0.preferred_locations_json,u1_0.role,u1_0.username,u1_0.work_type from users u1_0 where u1_0.id=?
Hibernate: delete from users where id=?
]]></system-out>
  </testcase>
</testsuite>